[debug] > Exec(early(addDefaultCommands), None, None)
[debug] > Exec(addDefaultCommands, None, None)
[debug] > Exec(early(initialize), None, None)
[debug] > Exec(initialize, None, None)
[debug] > Exec(early(addPluginSbtFile="""C:\Users\VISHAL\AppData\Local\Temp\idea.sbt"""), None, None)
[debug] > Exec(addPluginSbtFile="""C:\Users\VISHAL\AppData\Local\Temp\idea.sbt""", None, None)
[debug] > Exec(boot, None, None)
[debug] > Exec(writeSbtVersion, None, None)
[debug] > Exec(reload, None, None)
[debug] > Exec(sbtStashOnFailure, None, None)
[debug] > Exec(onFailure loadFailed, None, None)
[debug] > Exec(loadp, None, None)
[info] welcome to sbt 1.4.5 (Oracle Corporation Java 1.8.0_151)
[debug]       Load.loadUnit: plugins took 746.4389ms
[debug]       Load.loadUnit: defsScala took 0.668601ms
[debug] [Loading] Scanning directory C:\Users\VISHAL\.sbt\1.0\plugins
[debug] [Loading] Found non-root projects 
[debug] [Loading] Done in C:\Users\VISHAL\.sbt\1.0\plugins, returning: ()
[debug] deducing auto plugins based on known facts Set(Atom(sbt.plugins.CorePlugin)) and clauses Clauses(List(Clause(Atom(sbt.plugins.JvmPlugin),Set(Atom(sbt.plugins.IvyPlugin))), Clause(Atom(sbt.ScriptedPlugin),Set(Atom(sbt.plugins.JvmPlugin))), Clause(Atom(sbt.plugins.SbtPlugin),Set(Atom(sbt.ScriptedPlugin))), Clause(Atom(sbt.plugins.SemanticdbPlugin),Set(Atom(sbt.plugins.JvmPlugin))), Clause(Atom(sbt.plugins.JUnitXmlReportPlugin),Set(Atom(sbt.plugins.JvmPlugin))), Clause(Atom(sbt.plugins.MiniDependencyTreePlugin),Set(Atom(sbt.plugins.JvmPlugin))), Clause(Atom(sbt.plugins.CorePlugin),Set(Atom(sbt.plugins.IvyPlugin))), Clause(Atom(sbt.plugins.IvyPlugin),Set(Atom(sbt.plugins.JvmPlugin))), Clause(Atom(sbt.plugins.JvmPlugin),Set(Atom(sbt.plugins.SemanticdbPlugin))), Clause(Atom(sbt.plugins.JvmPlugin),Set(Atom(sbt.plugins.JUnitXmlReportPlugin))), Clause(Atom(sbt.plugins.CorePlugin),Set(Atom(sbt.plugins.Giter8TemplatePlugin))), Clause(Atom(sbt.plugins.JvmPlugin),Set(Atom(sbt.plugins.MiniDependencyTreePlugin)))))
[debug]   :: deduced result: Matched(sbt.plugins.CorePlugin,sbt.plugins.Giter8TemplatePlugin,sbt.plugins.IvyPlugin,sbt.plugins.JvmPlugin,sbt.plugins.MiniDependencyTreePlugin,sbt.plugins.JUnitXmlReportPlugin,sbt.plugins.SemanticdbPlugin)
[debug] Plugins.deducer#function took 66.868801 ms
[debug]           Load.resolveProject(global-plugins) took 127.4632ms
[debug]         Load.loadTransitive: finalizeProject(Project(id global-plugins, base: C:\Users\VISHAL\.sbt\1.0\plugins, plugins: List(<none>))) took 263.9398ms
[debug] [Loading] Done in C:\Users\VISHAL\.sbt\1.0\plugins, returning: (global-plugins)
[debug]       Load.loadUnit: loadedProjectsRaw took 351.1328ms
[debug]       Load.loadUnit: cleanEvalClasses took 0.7286ms
[debug]     Load.loadUnit(file:/C:/Users/VISHAL/.sbt/1.0/plugins/, ...) took 1117.0912ms
[debug]   Load.apply: load took 1829.512299ms
[debug]   Load.apply: resolveProjects took 14.577ms
[debug]   Load.apply: finalTransforms took 151.6556ms
[debug]   Load.apply: config.delegates took 18.580901ms
[debug]   Load.apply: Def.make(settings)... took 10900.2986ms
[debug]   Load.apply: structureIndex took 282.5819ms
[debug]   Load.apply: mkStreams took 4.1279ms
[info] loading global plugins from C:\Users\VISHAL\.sbt\1.0\plugins
[debug] Running task... Cancel: Signal, check cycles: false, forcegc: true
[debug] Load.defaultLoad until apply took 76845.332499ms
[debug]           Load.loadUnit: plugins took 185.360799ms
[debug]           Load.loadUnit: defsScala took 0.0056ms
[debug] [Loading] Scanning directory C:\Users\VISHAL\IdeaProjects\akka-http-server\project
[debug]             Load.loadUnit: mkEval took 39.745401ms
[debug] [Loading] Found non-root projects 
[debug] [Loading] Done in C:\Users\VISHAL\IdeaProjects\akka-http-server\project, returning: ()
[debug] deducing auto plugins based on known facts Set(Atom(sbt.plugins.CorePlugin)) and clauses Clauses(List(Clause(Atom(sbt.plugins.JvmPlugin),Set(Atom(sbt.plugins.IvyPlugin))), Clause(Atom(sbt.ScriptedPlugin),Set(Atom(sbt.plugins.JvmPlugin))), Clause(Atom(sbt.plugins.SbtPlugin),Set(Atom(sbt.ScriptedPlugin))), Clause(Atom(sbt.plugins.SemanticdbPlugin),Set(Atom(sbt.plugins.JvmPlugin))), Clause(Atom(sbt.plugins.JUnitXmlReportPlugin),Set(Atom(sbt.plugins.JvmPlugin))), Clause(Atom(sbt.plugins.MiniDependencyTreePlugin),Set(Atom(sbt.plugins.JvmPlugin))), Clause(Atom(sbt.plugins.CorePlugin),Set(Atom(sbt.plugins.IvyPlugin))), Clause(Atom(sbt.plugins.IvyPlugin),Set(Atom(sbt.plugins.JvmPlugin))), Clause(Atom(sbt.plugins.JvmPlugin),Set(Atom(sbt.plugins.SemanticdbPlugin))), Clause(Atom(sbt.plugins.JvmPlugin),Set(Atom(sbt.plugins.JUnitXmlReportPlugin))), Clause(Atom(sbt.plugins.CorePlugin),Set(Atom(sbt.plugins.Giter8TemplatePlugin))), Clause(Atom(sbt.plugins.JvmPlugin),Set(Atom(sbt.plugins.MiniDependencyTreePlugin)))))
[debug]   :: deduced result: Matched(sbt.plugins.CorePlugin,sbt.plugins.Giter8TemplatePlugin,sbt.plugins.IvyPlugin,sbt.plugins.JvmPlugin,sbt.plugins.MiniDependencyTreePlugin,sbt.plugins.JUnitXmlReportPlugin,sbt.plugins.SemanticdbPlugin)
[debug] Plugins.deducer#function took 4.2195 ms
[info] loading settings for project akka-http-server-build from idea.sbt ...
[debug]               Load.resolveProject(akka-http-server-build) took 31.118701ms
[debug]             Load.loadTransitive: finalizeProject(Project(id akka-http-server-build, base: C:\Users\VISHAL\IdeaProjects\akka-http-server\project, plugins: List(<none>))) took 36.9569ms
[debug] [Loading] Done in C:\Users\VISHAL\IdeaProjects\akka-http-server\project, returning: (akka-http-server-build)
[debug]           Load.loadUnit: loadedProjectsRaw took 6705.562801ms
[debug]           Load.loadUnit: cleanEvalClasses took 12.742699ms
[debug]         Load.loadUnit(file:/C:/Users/VISHAL/IdeaProjects/akka-http-server/project/, ...) took 6906.3706ms
[debug]       Load.apply: load took 6912.162301ms
[debug]       Load.apply: resolveProjects took 0.3297ms
[debug]       Load.apply: finalTransforms took 54.3095ms
[debug]       Load.apply: config.delegates took 0.581799ms
[debug]       Load.apply: Def.make(settings)... took 286.015399ms
[debug]       Load.apply: structureIndex took 162.4005ms
[debug]       Load.apply: mkStreams took 0.003201ms
[info] loading project definition from C:\Users\VISHAL\IdeaProjects\akka-http-server\project
[debug] Running task... Cancel: Signal, check cycles: false, forcegc: true
[debug]     Load.loadUnit: plugins took 13871.077801ms
[debug]     Load.loadUnit: defsScala took 0.0034ms
[debug] [Loading] Scanning directory C:\Users\VISHAL\IdeaProjects\akka-http-server
[debug]       Load.loadUnit: mkEval took 0.5506ms
[error] Type error in expression
[debug] > Exec(loadFailed, None, None)
[warn] Project loading failed: (r)etry, (q)uit, (l)ast, or (i)gnore? (default: r)
