[debug] > Exec(reload, None, None)
[debug] > Exec(sbtStashOnFailure, None, None)
[debug] > Exec(onFailure loadFailed, None, None)
[debug] > Exec(loadp, None, None)
[info] welcome to sbt 1.4.5 (Oracle Corporation Java 1.8.0_151)
[debug]             Load.loadUnit: plugins took 75.9289ms
[debug]             Load.loadUnit: defsScala took 0.0057ms
[debug] [Loading] Scanning directory C:\Users\VISHAL\.sbt\1.0\plugins
[debug] [Loading] Found non-root projects 
[debug] [Loading] Done in C:\Users\VISHAL\.sbt\1.0\plugins, returning: ()
[debug] deducing auto plugins based on known facts Set(Atom(sbt.plugins.CorePlugin)) and clauses Clauses(List(Clause(Atom(sbt.plugins.JvmPlugin),Set(Atom(sbt.plugins.IvyPlugin))), Clause(Atom(sbt.ScriptedPlugin),Set(Atom(sbt.plugins.JvmPlugin))), Clause(Atom(sbt.plugins.SbtPlugin),Set(Atom(sbt.ScriptedPlugin))), Clause(Atom(sbt.plugins.SemanticdbPlugin),Set(Atom(sbt.plugins.JvmPlugin))), Clause(Atom(sbt.plugins.JUnitXmlReportPlugin),Set(Atom(sbt.plugins.JvmPlugin))), Clause(Atom(sbt.plugins.MiniDependencyTreePlugin),Set(Atom(sbt.plugins.JvmPlugin))), Clause(Atom(sbt.plugins.CorePlugin),Set(Atom(sbt.plugins.IvyPlugin))), Clause(Atom(sbt.plugins.IvyPlugin),Set(Atom(sbt.plugins.JvmPlugin))), Clause(Atom(sbt.plugins.JvmPlugin),Set(Atom(sbt.plugins.SemanticdbPlugin))), Clause(Atom(sbt.plugins.JvmPlugin),Set(Atom(sbt.plugins.JUnitXmlReportPlugin))), Clause(Atom(sbt.plugins.CorePlugin),Set(Atom(sbt.plugins.Giter8TemplatePlugin))), Clause(Atom(sbt.plugins.JvmPlugin),Set(Atom(sbt.plugins.MiniDependencyTreePlugin)))))
[debug]   :: deduced result: Matched(sbt.plugins.CorePlugin,sbt.plugins.Giter8TemplatePlugin,sbt.plugins.IvyPlugin,sbt.plugins.JvmPlugin,sbt.plugins.MiniDependencyTreePlugin,sbt.plugins.JUnitXmlReportPlugin,sbt.plugins.SemanticdbPlugin)
[debug] Plugins.deducer#function took 3.3501 ms
[debug]                 Load.resolveProject(global-plugins) took 2.757ms
[debug]               Load.loadTransitive: finalizeProject(Project(id global-plugins, base: C:\Users\VISHAL\.sbt\1.0\plugins, plugins: List(<none>))) took 7.091ms
[debug] [Loading] Done in C:\Users\VISHAL\.sbt\1.0\plugins, returning: (global-plugins)
[debug]             Load.loadUnit: loadedProjectsRaw took 9.4777ms
[debug]             Load.loadUnit: cleanEvalClasses took 0.0155ms
[debug]           Load.loadUnit(file:/C:/Users/VISHAL/.sbt/1.0/plugins/, ...) took 88.1394ms
[debug]         Load.apply: load took 91.4989ms
[debug]         Load.apply: resolveProjects took 0.216ms
[debug]         Load.apply: finalTransforms took 16.1412ms
[debug]         Load.apply: config.delegates took 0.5525ms
[debug]         Load.apply: Def.make(settings)... took 318.0837ms
[debug]         Load.apply: structureIndex took 88.2019ms
[debug]         Load.apply: mkStreams took 0.0049ms
[info] loading global plugins from C:\Users\VISHAL\.sbt\1.0\plugins
[debug] Running task... Cancel: Signal, check cycles: false, forcegc: true
[debug] Forcing garbage collection...
[debug]       Load.defaultLoad until apply took 2536.2876ms
[debug]                 Load.loadUnit: plugins took 57.3447ms
[debug]                 Load.loadUnit: defsScala took 0.0051ms
[debug] [Loading] Scanning directory C:\Users\VISHAL\IdeaProjects\akka-http-server\project
[debug]                   Load.loadUnit: mkEval took 0.7159ms
[debug] [Loading] Found non-root projects 
[debug] [Loading] Done in C:\Users\VISHAL\IdeaProjects\akka-http-server\project, returning: ()
[debug] deducing auto plugins based on known facts Set(Atom(sbt.plugins.CorePlugin)) and clauses Clauses(List(Clause(Atom(sbt.plugins.JvmPlugin),Set(Atom(sbt.plugins.IvyPlugin))), Clause(Atom(sbt.ScriptedPlugin),Set(Atom(sbt.plugins.JvmPlugin))), Clause(Atom(sbt.plugins.SbtPlugin),Set(Atom(sbt.ScriptedPlugin))), Clause(Atom(sbt.plugins.SemanticdbPlugin),Set(Atom(sbt.plugins.JvmPlugin))), Clause(Atom(sbt.plugins.JUnitXmlReportPlugin),Set(Atom(sbt.plugins.JvmPlugin))), Clause(Atom(sbt.plugins.MiniDependencyTreePlugin),Set(Atom(sbt.plugins.JvmPlugin))), Clause(Atom(sbt.plugins.CorePlugin),Set(Atom(sbt.plugins.IvyPlugin))), Clause(Atom(sbt.plugins.IvyPlugin),Set(Atom(sbt.plugins.JvmPlugin))), Clause(Atom(sbt.plugins.JvmPlugin),Set(Atom(sbt.plugins.SemanticdbPlugin))), Clause(Atom(sbt.plugins.JvmPlugin),Set(Atom(sbt.plugins.JUnitXmlReportPlugin))), Clause(Atom(sbt.plugins.CorePlugin),Set(Atom(sbt.plugins.Giter8TemplatePlugin))), Clause(Atom(sbt.plugins.JvmPlugin),Set(Atom(sbt.plugins.MiniDependencyTreePlugin)))))
[debug]   :: deduced result: Matched(sbt.plugins.CorePlugin,sbt.plugins.Giter8TemplatePlugin,sbt.plugins.IvyPlugin,sbt.plugins.JvmPlugin,sbt.plugins.MiniDependencyTreePlugin,sbt.plugins.JUnitXmlReportPlugin,sbt.plugins.SemanticdbPlugin)
[debug] Plugins.deducer#function took 2.993 ms
[info] loading settings for project akka-http-server-build from idea2.sbt ...
[debug]                     Load.resolveProject(akka-http-server-build) took 16.9828ms
[debug]                   Load.loadTransitive: finalizeProject(Project(id akka-http-server-build, base: C:\Users\VISHAL\IdeaProjects\akka-http-server\project, plugins: List(<none>))) took 20.9911ms
[debug] [Loading] Done in C:\Users\VISHAL\IdeaProjects\akka-http-server\project, returning: (akka-http-server-build)
[debug]                 Load.loadUnit: loadedProjectsRaw took 67.7315ms
[debug]                 Load.loadUnit: cleanEvalClasses took 5.6923ms
[debug]               Load.loadUnit(file:/C:/Users/VISHAL/IdeaProjects/akka-http-server/project/, ...) took 133.486ms
[debug]             Load.apply: load took 136.3381ms
[debug]             Load.apply: resolveProjects took 0.1703ms
[debug]             Load.apply: finalTransforms took 21.0953ms
[debug]             Load.apply: config.delegates took 0.7823ms
[debug]             Load.apply: Def.make(settings)... took 159.87ms
[debug]             Load.apply: structureIndex took 33.9817ms
[debug]             Load.apply: mkStreams took 0.0026ms
[info] loading project definition from C:\Users\VISHAL\IdeaProjects\akka-http-server\project
[debug] Running task... Cancel: Signal, check cycles: false, forcegc: true
[debug]           Load.loadUnit: plugins took 1018.5056ms
[debug]           Load.loadUnit: defsScala took 0.0041ms
[debug] [Loading] Scanning directory C:\Users\VISHAL\IdeaProjects\akka-http-server
[debug]             Load.loadUnit: mkEval took 0.6426ms
[debug] [Loading] Found non-root projects 
[debug] [Loading] Done in C:\Users\VISHAL\IdeaProjects\akka-http-server, returning: ()
[debug] deducing auto plugins based on known facts Set(Atom(sbt.plugins.CorePlugin)) and clauses Clauses(List(Clause(Atom(sbt.plugins.JvmPlugin),Set(Atom(sbt.plugins.IvyPlugin))), Clause(Atom(sbt.ScriptedPlugin),Set(Atom(sbt.plugins.JvmPlugin))), Clause(Atom(sbt.plugins.SbtPlugin),Set(Atom(sbt.ScriptedPlugin))), Clause(Atom(sbt.plugins.SemanticdbPlugin),Set(Atom(sbt.plugins.JvmPlugin))), Clause(Atom(sbt.plugins.JUnitXmlReportPlugin),Set(Atom(sbt.plugins.JvmPlugin))), Clause(Atom(sbt.plugins.MiniDependencyTreePlugin),Set(Atom(sbt.plugins.JvmPlugin))), Clause(Atom(org.jetbrains.sbt.StructurePlugin),Set(Atom(sbt.plugins.JvmPlugin))), Clause(Atom(org.jetbrains.sbt.IdeaShellPlugin),Set(Atom(sbt.plugins.JvmPlugin))), Clause(Atom(org.jetbrains.sbt.indices.SbtIntellijIndicesPlugin),Set(Atom(sbt.plugins.JvmPlugin))), Clause(Atom(sbt.plugins.CorePlugin),Set(Atom(sbt.plugins.IvyPlugin))), Clause(Atom(sbt.plugins.IvyPlugin),Set(Atom(sbt.plugins.JvmPlugin))), Clause(Atom(sbt.plugins.JvmPlugin),Set(Atom(sbt.plugins.SemanticdbPlugin))), Clause(Atom(sbt.plugins.JvmPlugin),Set(Atom(sbt.plugins.JUnitXmlReportPlugin))), Clause(Atom(sbt.plugins.CorePlugin),Set(Atom(sbt.plugins.Giter8TemplatePlugin))), Clause(Atom(sbt.plugins.JvmPlugin),Set(Atom(sbt.plugins.MiniDependencyTreePlugin))), Clause(Atom(sbt.plugins.JvmPlugin),Set(Atom(org.jetbrains.sbt.StructurePlugin))), Clause(Atom(sbt.plugins.JvmPlugin),Set(Atom(org.jetbrains.sbt.IdeaShellPlugin))), Clause(And(Set(Atom(sbt.plugins.CorePlugin), Atom(sbt.plugins.JvmPlugin))),Set(Atom(org.jetbrains.sbt.indices.SbtIntellijIndicesPlugin)))))
[debug]   :: deduced result: Matched(sbt.plugins.CorePlugin,sbt.plugins.Giter8TemplatePlugin,sbt.plugins.IvyPlugin,sbt.plugins.JvmPlugin,sbt.plugins.SemanticdbPlugin,org.jetbrains.sbt.indices.SbtIntellijIndicesPlugin,sbt.plugins.JUnitXmlReportPlugin,org.jetbrains.sbt.IdeaShellPlugin,org.jetbrains.sbt.StructurePlugin,sbt.plugins.MiniDependencyTreePlugin)
[debug] Plugins.deducer#function took 3.5015 ms
[info] loading settings for project akka-http-server from build.sbt ...
[debug]               Load.resolveProject(akka-http-server) took 67.5702ms
[debug]             Load.loadTransitive: finalizeProject(Project(id akka-http-server, base: C:\Users\VISHAL\IdeaProjects\akka-http-server, plugins: List(<none>))) took 86.9785ms
[debug] [Loading] Done in C:\Users\VISHAL\IdeaProjects\akka-http-server, returning: (akka-http-server)
[debug]           Load.loadUnit: loadedProjectsRaw took 4836.0207ms
[debug]           Load.loadUnit: cleanEvalClasses took 11.2611ms
[debug]         Load.loadUnit(file:/C:/Users/VISHAL/IdeaProjects/akka-http-server/, ...) took 5867.4343ms
[debug]       Load.apply: load took 5870.7569ms
[debug]       Load.apply: resolveProjects took 0.2525ms
[debug]       Load.apply: finalTransforms took 55.7098ms
[debug]       Load.apply: config.delegates took 0.4489ms
[debug]       Load.apply: Def.make(settings)... took 193.2732ms
[debug]       Load.apply: structureIndex took 33.4274ms
[debug]       Load.apply: mkStreams took 0.0034ms
[info] set current project to akka-http-server (in build file:/C:/Users/VISHAL/IdeaProjects/akka-http-server/)
[debug] > Exec(sbtPopOnFailure, None, None)
[debug] > Exec(resumeFromFailure, None, None)
[debug] > Exec(resumeFromFailure, None, None)
[debug] > Exec(notifyUsersAboutShell, None, None)
[debug] > Exec(iflast shell, None, None)
[debug] > Exec(; set ideaPort in Global := 62553 ; idea-shell, None, None)
[debug] > Exec(set ideaPort in Global := 62553, None, None)
[info] Defining Global / ideaPort
[info] The new value will be used by Compile / compile, Test / compile
[debug] Defining 
[debug] 	Global / ideaPort
[debug] 
[debug] The new value will be used by 
[debug] 	Compile / compile
[debug] 	Test / compile
[info] Reapplying settings...
[info] set current project to akka-http-server (in build file:/C:/Users/VISHAL/IdeaProjects/akka-http-server/)
[debug] > Exec(idea-shell, None, None)
[debug] > Exec(, None, None)
[debug] > Exec(idea-shell, None, None)
