[debug] > Exec(early(addDefaultCommands), None, None)
[debug] > Exec(addDefaultCommands, None, None)
[debug] > Exec(early(initialize), None, None)
[debug] > Exec(initialize, None, None)
[debug] > Exec(early(addPluginSbtFile="""C:\Users\VISHAL\AppData\Local\Temp\idea1.sbt"""), None, None)
[debug] > Exec(addPluginSbtFile="""C:\Users\VISHAL\AppData\Local\Temp\idea1.sbt""", None, None)
[debug] > Exec(boot, None, None)
[debug] > Exec(writeSbtVersion, None, None)
[debug] > Exec(reload, None, None)
[debug] > Exec(sbtStashOnFailure, None, None)
[debug] > Exec(onFailure loadFailed, None, None)
[debug] > Exec(loadp, None, None)
[info] welcome to sbt 1.4.5 (Oracle Corporation Java 1.8.0_151)
[debug]       Load.loadUnit: plugins took 327.5592ms
[debug]       Load.loadUnit: defsScala took 4.8592ms
[debug] [Loading] Scanning directory C:\Users\VISHAL\.sbt\1.0\plugins
[debug] [Loading] Found non-root projects 
[debug] [Loading] Done in C:\Users\VISHAL\.sbt\1.0\plugins, returning: ()
[debug] deducing auto plugins based on known facts Set(Atom(sbt.plugins.CorePlugin)) and clauses Clauses(List(Clause(Atom(sbt.plugins.JvmPlugin),Set(Atom(sbt.plugins.IvyPlugin))), Clause(Atom(sbt.ScriptedPlugin),Set(Atom(sbt.plugins.JvmPlugin))), Clause(Atom(sbt.plugins.SbtPlugin),Set(Atom(sbt.ScriptedPlugin))), Clause(Atom(sbt.plugins.SemanticdbPlugin),Set(Atom(sbt.plugins.JvmPlugin))), Clause(Atom(sbt.plugins.JUnitXmlReportPlugin),Set(Atom(sbt.plugins.JvmPlugin))), Clause(Atom(sbt.plugins.MiniDependencyTreePlugin),Set(Atom(sbt.plugins.JvmPlugin))), Clause(Atom(sbt.plugins.CorePlugin),Set(Atom(sbt.plugins.IvyPlugin))), Clause(Atom(sbt.plugins.IvyPlugin),Set(Atom(sbt.plugins.JvmPlugin))), Clause(Atom(sbt.plugins.JvmPlugin),Set(Atom(sbt.plugins.SemanticdbPlugin))), Clause(Atom(sbt.plugins.JvmPlugin),Set(Atom(sbt.plugins.JUnitXmlReportPlugin))), Clause(Atom(sbt.plugins.CorePlugin),Set(Atom(sbt.plugins.Giter8TemplatePlugin))), Clause(Atom(sbt.plugins.JvmPlugin),Set(Atom(sbt.plugins.MiniDependencyTreePlugin)))))
[debug]   :: deduced result: Matched(sbt.plugins.CorePlugin,sbt.plugins.Giter8TemplatePlugin,sbt.plugins.IvyPlugin,sbt.plugins.JvmPlugin,sbt.plugins.MiniDependencyTreePlugin,sbt.plugins.JUnitXmlReportPlugin,sbt.plugins.SemanticdbPlugin)
[debug] Plugins.deducer#function took 75.5374 ms
[debug]           Load.resolveProject(global-plugins) took 99.5386ms
[debug]         Load.loadTransitive: finalizeProject(Project(id global-plugins, base: C:\Users\VISHAL\.sbt\1.0\plugins, plugins: List(<none>))) took 228.3059ms
[debug] [Loading] Done in C:\Users\VISHAL\.sbt\1.0\plugins, returning: (global-plugins)
[debug]       Load.loadUnit: loadedProjectsRaw took 273.0832ms
[debug]       Load.loadUnit: cleanEvalClasses took 0.4562ms
[debug]     Load.loadUnit(file:/C:/Users/VISHAL/.sbt/1.0/plugins/, ...) took 626.0002ms
[debug]   Load.apply: load took 1005.5704ms
[debug]   Load.apply: resolveProjects took 16.2394ms
[debug]   Load.apply: finalTransforms took 169.2384ms
[debug]   Load.apply: config.delegates took 26.2406ms
[debug]   Load.apply: Def.make(settings)... took 4131.5362ms
[debug]   Load.apply: structureIndex took 349.8401ms
[debug]   Load.apply: mkStreams took 7.6353ms
[info] loading global plugins from C:\Users\VISHAL\.sbt\1.0\plugins
[debug] Running task... Cancel: Signal, check cycles: false, forcegc: true
[debug] Load.defaultLoad until apply took 11170.2404ms
[debug]           Load.loadUnit: plugins took 84.7796ms
[debug]           Load.loadUnit: defsScala took 0.0094ms
[debug] [Loading] Scanning directory C:\Users\VISHAL\IdeaProjects\akka-http-server\project
[debug]             Load.loadUnit: mkEval took 14.0779ms
[debug] [Loading] Found non-root projects 
[debug] [Loading] Done in C:\Users\VISHAL\IdeaProjects\akka-http-server\project, returning: ()
[debug] deducing auto plugins based on known facts Set(Atom(sbt.plugins.CorePlugin)) and clauses Clauses(List(Clause(Atom(sbt.plugins.JvmPlugin),Set(Atom(sbt.plugins.IvyPlugin))), Clause(Atom(sbt.ScriptedPlugin),Set(Atom(sbt.plugins.JvmPlugin))), Clause(Atom(sbt.plugins.SbtPlugin),Set(Atom(sbt.ScriptedPlugin))), Clause(Atom(sbt.plugins.SemanticdbPlugin),Set(Atom(sbt.plugins.JvmPlugin))), Clause(Atom(sbt.plugins.JUnitXmlReportPlugin),Set(Atom(sbt.plugins.JvmPlugin))), Clause(Atom(sbt.plugins.MiniDependencyTreePlugin),Set(Atom(sbt.plugins.JvmPlugin))), Clause(Atom(sbt.plugins.CorePlugin),Set(Atom(sbt.plugins.IvyPlugin))), Clause(Atom(sbt.plugins.IvyPlugin),Set(Atom(sbt.plugins.JvmPlugin))), Clause(Atom(sbt.plugins.JvmPlugin),Set(Atom(sbt.plugins.SemanticdbPlugin))), Clause(Atom(sbt.plugins.JvmPlugin),Set(Atom(sbt.plugins.JUnitXmlReportPlugin))), Clause(Atom(sbt.plugins.CorePlugin),Set(Atom(sbt.plugins.Giter8TemplatePlugin))), Clause(Atom(sbt.plugins.JvmPlugin),Set(Atom(sbt.plugins.MiniDependencyTreePlugin)))))
[debug]   :: deduced result: Matched(sbt.plugins.CorePlugin,sbt.plugins.Giter8TemplatePlugin,sbt.plugins.IvyPlugin,sbt.plugins.JvmPlugin,sbt.plugins.MiniDependencyTreePlugin,sbt.plugins.JUnitXmlReportPlugin,sbt.plugins.SemanticdbPlugin)
[debug] Plugins.deducer#function took 6.4485 ms
[info] loading settings for project akka-http-server-build from idea1.sbt ...
[debug]               Load.resolveProject(akka-http-server-build) took 22.1481ms
[debug]             Load.loadTransitive: finalizeProject(Project(id akka-http-server-build, base: C:\Users\VISHAL\IdeaProjects\akka-http-server\project, plugins: List(<none>))) took 29.7156ms
[debug] [Loading] Done in C:\Users\VISHAL\IdeaProjects\akka-http-server\project, returning: (akka-http-server-build)
[debug]           Load.loadUnit: loadedProjectsRaw took 433.1182ms
[debug]           Load.loadUnit: cleanEvalClasses took 11.8429ms
[debug]         Load.loadUnit(file:/C:/Users/VISHAL/IdeaProjects/akka-http-server/project/, ...) took 532.6763ms
[debug]       Load.apply: load took 536.1235ms
[debug]       Load.apply: resolveProjects took 0.1723ms
[debug]       Load.apply: finalTransforms took 19.9044ms
[debug]       Load.apply: config.delegates took 0.9221ms
[debug]       Load.apply: Def.make(settings)... took 288.7636ms
[debug]       Load.apply: structureIndex took 123.1572ms
[debug]       Load.apply: mkStreams took 0.0037ms
[info] loading project definition from C:\Users\VISHAL\IdeaProjects\akka-http-server\project
[debug] Running task... Cancel: Signal, check cycles: false, forcegc: true
[debug]     Load.loadUnit: plugins took 1875.9296ms
[debug]     Load.loadUnit: defsScala took 0.004ms
[debug] [Loading] Scanning directory C:\Users\VISHAL\IdeaProjects\akka-http-server
[debug]       Load.loadUnit: mkEval took 0.6763ms
[debug] [Loading] Found non-root projects 
[debug] [Loading] Done in C:\Users\VISHAL\IdeaProjects\akka-http-server, returning: ()
[debug] deducing auto plugins based on known facts Set(Atom(sbt.plugins.CorePlugin)) and clauses Clauses(List(Clause(Atom(sbt.plugins.JvmPlugin),Set(Atom(sbt.plugins.IvyPlugin))), Clause(Atom(sbt.ScriptedPlugin),Set(Atom(sbt.plugins.JvmPlugin))), Clause(Atom(sbt.plugins.SbtPlugin),Set(Atom(sbt.ScriptedPlugin))), Clause(Atom(sbt.plugins.SemanticdbPlugin),Set(Atom(sbt.plugins.JvmPlugin))), Clause(Atom(sbt.plugins.JUnitXmlReportPlugin),Set(Atom(sbt.plugins.JvmPlugin))), Clause(Atom(sbt.plugins.MiniDependencyTreePlugin),Set(Atom(sbt.plugins.JvmPlugin))), Clause(Atom(org.jetbrains.sbt.StructurePlugin),Set(Atom(sbt.plugins.JvmPlugin))), Clause(Atom(org.jetbrains.sbt.IdeaShellPlugin),Set(Atom(sbt.plugins.JvmPlugin))), Clause(Atom(org.jetbrains.sbt.indices.SbtIntellijIndicesPlugin),Set(Atom(sbt.plugins.JvmPlugin))), Clause(Atom(sbt.plugins.CorePlugin),Set(Atom(sbt.plugins.IvyPlugin))), Clause(Atom(sbt.plugins.IvyPlugin),Set(Atom(sbt.plugins.JvmPlugin))), Clause(Atom(sbt.plugins.JvmPlugin),Set(Atom(sbt.plugins.SemanticdbPlugin))), Clause(Atom(sbt.plugins.JvmPlugin),Set(Atom(sbt.plugins.JUnitXmlReportPlugin))), Clause(Atom(sbt.plugins.CorePlugin),Set(Atom(sbt.plugins.Giter8TemplatePlugin))), Clause(Atom(sbt.plugins.JvmPlugin),Set(Atom(sbt.plugins.MiniDependencyTreePlugin))), Clause(Atom(sbt.plugins.JvmPlugin),Set(Atom(org.jetbrains.sbt.StructurePlugin))), Clause(Atom(sbt.plugins.JvmPlugin),Set(Atom(org.jetbrains.sbt.IdeaShellPlugin))), Clause(And(Set(Atom(sbt.plugins.CorePlugin), Atom(sbt.plugins.JvmPlugin))),Set(Atom(org.jetbrains.sbt.indices.SbtIntellijIndicesPlugin)))))
[debug]   :: deduced result: Matched(sbt.plugins.CorePlugin,sbt.plugins.Giter8TemplatePlugin,sbt.plugins.IvyPlugin,sbt.plugins.JvmPlugin,sbt.plugins.SemanticdbPlugin,org.jetbrains.sbt.indices.SbtIntellijIndicesPlugin,sbt.plugins.JUnitXmlReportPlugin,org.jetbrains.sbt.IdeaShellPlugin,org.jetbrains.sbt.StructurePlugin,sbt.plugins.MiniDependencyTreePlugin)
[debug] Plugins.deducer#function took 9.3435 ms
[info] loading settings for project akka-http-server from build.sbt ...
[debug]         Load.resolveProject(akka-http-server) took 136.6035ms
[debug]       Load.loadTransitive: finalizeProject(Project(id akka-http-server, base: C:\Users\VISHAL\IdeaProjects\akka-http-server, plugins: List(<none>))) took 151.6715ms
[debug] [Loading] Done in C:\Users\VISHAL\IdeaProjects\akka-http-server, returning: (akka-http-server)
[debug]     Load.loadUnit: loadedProjectsRaw took 11240.0585ms
[debug]     Load.loadUnit: cleanEvalClasses took 107.5096ms
[debug]   Load.loadUnit(file:/C:/Users/VISHAL/IdeaProjects/akka-http-server/, ...) took 13224.6697ms
[debug] Load.apply: load took 13228.5865ms
[debug] Load.apply: resolveProjects took 0.2162ms
[debug] Load.apply: finalTransforms took 56.0041ms
[debug] Load.apply: config.delegates took 0.6781ms
[debug] Load.apply: Def.make(settings)... took 272.3554ms
[debug] Load.apply: structureIndex took 59.1111ms
[debug] Load.apply: mkStreams took 0.0035ms
[info] set current project to akka-http-server (in build file:/C:/Users/VISHAL/IdeaProjects/akka-http-server/)
[debug] > Exec(sbtPopOnFailure, None, None)
[debug] > Exec(resumeFromFailure, None, None)
[debug] > Exec(notifyUsersAboutShell, None, None)
[debug] > Exec(iflast shell, None, None)
[debug] > Exec(; set ideaPort in Global := 59615 ; idea-shell, None, None)
[debug] > Exec(set ideaPort in Global := 59615, None, None)
[info] Defining Global / ideaPort
[info] The new value will be used by Compile / compile, Test / compile
[debug] Defining 
[debug] 	Global / ideaPort
[debug] 
[debug] The new value will be used by 
[debug] 	Compile / compile
[debug] 	Test / compile
[info] Reapplying settings...
[info] set current project to akka-http-server (in build file:/C:/Users/VISHAL/IdeaProjects/akka-http-server/)
[debug] > Exec(idea-shell, None, None)
